This file contains any messages produced by compilers while
running configure, to aid debugging if configure makes a mistake.

It was created by configure, which was
generated by GNU Autoconf 2.69.  Invocation command line was

  $ ./configure --disable-cint --prefix=/usr/local

## --------- ##
## Platform. ##
## --------- ##

hostname = COMSOL-PC
uname -m = x86_64
uname -r = 6.6.87.2-microsoft-standard-WSL2
uname -s = Linux
uname -v = #1 SMP PREEMPT_DYNAMIC Thu Jun  5 18:30:46 UTC 2025

/usr/bin/uname -p = x86_64
/bin/uname -X     = unknown

/bin/arch              = x86_64
/usr/bin/arch -k       = unknown
/usr/convex/getsysinfo = unknown
/usr/bin/hostinfo      = unknown
/bin/machine           = unknown
/usr/bin/oslevel       = unknown
/bin/universe          = unknown

PATH: /usr/local/sbin
PATH: /usr/local/bin
PATH: /usr/sbin
PATH: /usr/bin
PATH: /sbin
PATH: /bin
PATH: /usr/games
PATH: /usr/local/games
PATH: /usr/lib/wsl/lib
PATH: /mnt/c/WINDOWS/system32
PATH: /mnt/c/WINDOWS
PATH: /mnt/c/WINDOWS/System32/Wbem
PATH: /mnt/c/WINDOWS/System32/WindowsPowerShell/v1.0/
PATH: /mnt/c/WINDOWS/System32/OpenSSH/
PATH: /mnt/c/Program Files/dotnet/
PATH: /mnt/c/Users/dbarna/AppData/Local/Microsoft/WindowsApps
PATH: /snap/bin


## ----------- ##
## Core tests. ##
## ----------- ##

configure:2296: checking architecture
configure:2300: result: linux
configure:2362: checking for g++
configure:2378: found /usr/bin/g++
configure:2389: result: g++
configure:2416: checking for C++ compiler version
configure:2425: g++ --version >&5
g++ (Ubuntu 13.3.0-6ubuntu2~24.04) 13.3.0
Copyright (C) 2023 Free Software Foundation, Inc.
This is free software; see the source for copying conditions.  There is NO
warranty; not even for MERCHANTABILITY or FITNESS FOR A PARTICULAR PURPOSE.

configure:2436: $? = 0
configure:2425: g++ -v >&5
Using built-in specs.
COLLECT_GCC=g++
COLLECT_LTO_WRAPPER=/usr/libexec/gcc/x86_64-linux-gnu/13/lto-wrapper
OFFLOAD_TARGET_NAMES=nvptx-none:amdgcn-amdhsa
OFFLOAD_TARGET_DEFAULT=1
Target: x86_64-linux-gnu
Configured with: ../src/configure -v --with-pkgversion='Ubuntu 13.3.0-6ubuntu2~24.04' --with-bugurl=file:///usr/share/doc/gcc-13/README.Bugs --enable-languages=c,ada,c++,go,d,fortran,objc,obj-c++,m2 --prefix=/usr --with-gcc-major-version-only --program-suffix=-13 --program-prefix=x86_64-linux-gnu- --enable-shared --enable-linker-build-id --libexecdir=/usr/libexec --without-included-gettext --enable-threads=posix --libdir=/usr/lib --enable-nls --enable-bootstrap --enable-clocale=gnu --enable-libstdcxx-debug --enable-libstdcxx-time=yes --with-default-libstdcxx-abi=new --enable-libstdcxx-backtrace --enable-gnu-unique-object --disable-vtable-verify --enable-plugin --enable-default-pie --with-system-zlib --enable-libphobos-checking=release --with-target-system-zlib=auto --enable-objc-gc=auto --enable-multiarch --disable-werror --enable-cet --with-arch-32=i686 --with-abi=m64 --with-multilib-list=m32,m64,mx32 --enable-multilib --with-tune=generic --enable-offload-targets=nvptx-none=/build/gcc-13-fG75Ri/gcc-13-13.3.0/debian/tmp-nvptx/usr,amdgcn-amdhsa=/build/gcc-13-fG75Ri/gcc-13-13.3.0/debian/tmp-gcn/usr --enable-offload-defaulted --without-cuda-driver --enable-checking=release --build=x86_64-linux-gnu --host=x86_64-linux-gnu --target=x86_64-linux-gnu --with-build-config=bootstrap-lto-lean --enable-link-serialization=2
Thread model: posix
Supported LTO compression algorithms: zlib zstd
gcc version 13.3.0 (Ubuntu 13.3.0-6ubuntu2~24.04) 
... rest of stderr output deleted ...
configure:2436: $? = 0
configure:2425: g++ -V >&5
g++: error: unrecognized command-line option '-V'
g++: fatal error: no input files
compilation terminated.
configure:2436: $? = 1
configure:2425: g++ -qversion >&5
g++: error: unrecognized command-line option '-qversion'; did you mean '--version'?
g++: fatal error: no input files
compilation terminated.
configure:2436: $? = 1
configure:2456: checking whether the C++ compiler works
configure:2478: g++    conftest.cpp  >&5
configure:2482: $? = 0
configure:2530: result: yes
configure:2533: checking for C++ compiler default output file name
configure:2535: result: a.out
configure:2541: checking for suffix of executables
configure:2548: g++ -o conftest    conftest.cpp  >&5
configure:2552: $? = 0
configure:2574: result: 
configure:2596: checking whether we are cross compiling
configure:2604: g++ -o conftest    conftest.cpp  >&5
configure:2608: $? = 0
configure:2615: ./conftest
configure:2619: $? = 0
configure:2634: result: no
configure:2639: checking for suffix of object files
configure:2661: g++ -c   conftest.cpp >&5
configure:2665: $? = 0
configure:2686: result: o
configure:2690: checking whether we are using the GNU C++ compiler
configure:2709: g++ -c   conftest.cpp >&5
configure:2709: $? = 0
configure:2718: result: yes
configure:2727: checking whether g++ accepts -g
configure:2747: g++ -c -g  conftest.cpp >&5
configure:2747: $? = 0
configure:2788: result: yes
configure:2821: checking whether C++ compiler accepts -std=c++20
configure:2840: g++ -c -g -O2  -std=c++20  conftest.cpp >&5
configure:2840: $? = 0
configure:2848: result: yes
configure:3006: checking how to run the C++ preprocessor
configure:3033: g++ -E  conftest.cpp
configure:3033: $? = 0
configure:3047: g++ -E  conftest.cpp
conftest.cpp:9:10: fatal error: ac_nonexistent.h: No such file or directory
    9 | #include <ac_nonexistent.h>
      |          ^~~~~~~~~~~~~~~~~~
compilation terminated.
configure:3047: $? = 1
configure: failed program was:
| /* confdefs.h */
| #define PACKAGE_NAME ""
| #define PACKAGE_TARNAME ""
| #define PACKAGE_VERSION ""
| #define PACKAGE_STRING ""
| #define PACKAGE_BUGREPORT ""
| #define PACKAGE_URL ""
| /* end confdefs.h.  */
| #include <ac_nonexistent.h>
configure:3072: result: g++ -E
configure:3092: g++ -E  conftest.cpp
configure:3092: $? = 0
configure:3106: g++ -E  conftest.cpp
conftest.cpp:9:10: fatal error: ac_nonexistent.h: No such file or directory
    9 | #include <ac_nonexistent.h>
      |          ^~~~~~~~~~~~~~~~~~
compilation terminated.
configure:3106: $? = 1
configure: failed program was:
| /* confdefs.h */
| #define PACKAGE_NAME ""
| #define PACKAGE_TARNAME ""
| #define PACKAGE_VERSION ""
| #define PACKAGE_STRING ""
| #define PACKAGE_BUGREPORT ""
| #define PACKAGE_URL ""
| /* end confdefs.h.  */
| #include <ac_nonexistent.h>
configure:3135: checking for grep that handles long lines and -e
configure:3193: result: /usr/bin/grep
configure:3198: checking for egrep
configure:3260: result: /usr/bin/grep -E
configure:3265: checking for ANSI C header files
configure:3285: g++ -c -g -O2  conftest.cpp >&5
configure:3285: $? = 0
configure:3358: g++ -o conftest -g -O2   conftest.cpp  >&5
configure:3358: $? = 0
configure:3358: ./conftest
configure:3358: $? = 0
configure:3369: result: yes
configure:3382: checking for sys/types.h
configure:3382: g++ -c -g -O2  conftest.cpp >&5
configure:3382: $? = 0
configure:3382: result: yes
configure:3382: checking for sys/stat.h
configure:3382: g++ -c -g -O2  conftest.cpp >&5
configure:3382: $? = 0
configure:3382: result: yes
configure:3382: checking for stdlib.h
configure:3382: g++ -c -g -O2  conftest.cpp >&5
configure:3382: $? = 0
configure:3382: result: yes
configure:3382: checking for string.h
configure:3382: g++ -c -g -O2  conftest.cpp >&5
configure:3382: $? = 0
configure:3382: result: yes
configure:3382: checking for memory.h
configure:3382: g++ -c -g -O2  conftest.cpp >&5
configure:3382: $? = 0
configure:3382: result: yes
configure:3382: checking for strings.h
configure:3382: g++ -c -g -O2  conftest.cpp >&5
configure:3382: $? = 0
configure:3382: result: yes
configure:3382: checking for inttypes.h
configure:3382: g++ -c -g -O2  conftest.cpp >&5
configure:3382: $? = 0
configure:3382: result: yes
configure:3382: checking for stdint.h
configure:3382: g++ -c -g -O2  conftest.cpp >&5
configure:3382: $? = 0
configure:3382: result: yes
configure:3382: checking for unistd.h
configure:3382: g++ -c -g -O2  conftest.cpp >&5
configure:3382: $? = 0
configure:3382: result: yes
configure:3396: checking iostream usability
configure:3396: g++ -c -g -O2  conftest.cpp >&5
configure:3396: $? = 0
configure:3396: result: yes
configure:3396: checking iostream presence
configure:3396: g++ -E  conftest.cpp
configure:3396: $? = 0
configure:3396: result: yes
configure:3396: checking for iostream
configure:3396: result: yes
configure:3410: checking streambuf usability
configure:3410: g++ -c -g -O2  conftest.cpp >&5
configure:3410: $? = 0
configure:3410: result: yes
configure:3410: checking streambuf presence
configure:3410: g++ -E  conftest.cpp
configure:3410: $? = 0
configure:3410: result: yes
configure:3410: checking for streambuf
configure:3410: result: yes
configure:3424: checking fstream usability
configure:3424: g++ -c -g -O2  conftest.cpp >&5
configure:3424: $? = 0
configure:3424: result: yes
configure:3424: checking fstream presence
configure:3424: g++ -E  conftest.cpp
configure:3424: $? = 0
configure:3424: result: yes
configure:3424: checking for fstream
configure:3424: result: yes
configure:3438: checking cmath usability
configure:3438: g++ -c -g -O2  conftest.cpp >&5
configure:3438: $? = 0
configure:3438: result: yes
configure:3438: checking cmath presence
configure:3438: g++ -E  conftest.cpp
configure:3438: $? = 0
configure:3438: result: yes
configure:3438: checking for cmath
configure:3438: result: yes
configure:3452: checking cstdlib usability
configure:3452: g++ -c -g -O2  conftest.cpp >&5
configure:3452: $? = 0
configure:3452: result: yes
configure:3452: checking cstdlib presence
configure:3452: g++ -E  conftest.cpp
configure:3452: $? = 0
configure:3452: result: yes
configure:3452: checking for cstdlib
configure:3452: result: yes
configure:3466: checking cstdio usability
configure:3466: g++ -c -g -O2  conftest.cpp >&5
configure:3466: $? = 0
configure:3466: result: yes
configure:3466: checking cstdio presence
configure:3466: g++ -E  conftest.cpp
configure:3466: $? = 0
configure:3466: result: yes
configure:3466: checking for cstdio
configure:3466: result: yes
configure:3489: checking for XOpenDisplay in -lX11
configure:3514: g++ -o conftest -g -O2   conftest.cpp -lX11   >&5
configure:3514: $? = 0
configure:3523: result: yes
configure:3539: checking regex.h usability
configure:3539: g++ -c -g -O2  conftest.cpp >&5
configure:3539: $? = 0
configure:3539: result: yes
configure:3539: checking regex.h presence
configure:3539: g++ -E  conftest.cpp
configure:3539: $? = 0
configure:3539: result: yes
configure:3539: checking for regex.h
configure:3539: result: yes
configure:3566: checking for tgetent in -ltermcap
configure:3591: g++ -o conftest -g -O2   conftest.cpp -ltermcap  -lX11  >&5
configure:3591: $? = 0
configure:3600: result: yes
configure:3654: checking Current blop version
configure:3658: result: 1.1.60
configure:3717: checking for ps2eps
configure:3733: found /usr/bin/ps2eps
configure:3744: result: /usr/bin/ps2eps
configure:3771: checking for perl
configure:3787: found /usr/bin/perl
configure:3798: result: /usr/bin/perl
configure:3823: checking for awk
configure:3839: found /usr/bin/awk
configure:3850: result: /usr/bin/awk
configure:3874: checking for pdftk
configure:3890: found /usr/bin/pdftk
configure:3901: result: /usr/bin/pdftk
configure:3926: checking for pnmcrop
configure:3942: found /usr/bin/pnmcrop
configure:3953: result: /usr/bin/pnmcrop
configure:3977: checking for convert
configure:3993: found /usr/bin/convert
configure:4004: result: /usr/bin/convert
configure:4134: checking for latex
configure:4150: found /usr/bin/latex
configure:4161: result: /usr/bin/latex
configure:4171: checking LaTeX style files
configure:4254: result: /usr/share/texlive/texmf-dist/tex/latex
configure:4276: checking for gsl-config
configure:4292: found /usr/bin/gsl-config
configure:4303: result: /usr/bin/gsl-config
configure:4319: checking whether gsl_fft_forward is declared
configure:4319: g++ -c -I/usr/include  conftest.cpp >&5
configure:4319: $? = 0
configure:4319: result: yes
configure:4357: checking for gts-config
configure:4373: found /usr/bin/gts-config
configure:4384: result: /usr/bin/gts-config
configure:4397: checking glib.h usability
configure:4397: g++ -c -I/usr/include/glib-2.0 -I/usr/lib/x86_64-linux-gnu/glib-2.0/include -I/usr/include/sysprof-6 -pthread -I/usr/include -I/usr/include/glib-2.0 -I/usr/lib/x86_64-linux-gnu/glib-2.0/include -I/usr/include/sysprof-6 -pthread -I/usr/include conftest.cpp >&5
configure:4397: $? = 0
configure:4397: result: yes
configure:4397: checking glib.h presence
configure:4397: g++ -E -I/usr/include/glib-2.0 -I/usr/lib/x86_64-linux-gnu/glib-2.0/include -I/usr/include/sysprof-6 -pthread -I/usr/include conftest.cpp
configure:4397: $? = 0
configure:4397: result: yes
configure:4397: checking for glib.h
configure:4397: result: yes
configure:4406: checking gts.h usability
configure:4406: g++ -c -I/usr/include/glib-2.0 -I/usr/lib/x86_64-linux-gnu/glib-2.0/include -I/usr/include/sysprof-6 -pthread -I/usr/include -I/usr/include/glib-2.0 -I/usr/lib/x86_64-linux-gnu/glib-2.0/include -I/usr/include/sysprof-6 -pthread -I/usr/include conftest.cpp >&5
configure:4406: $? = 0
configure:4406: result: yes
configure:4406: checking gts.h presence
configure:4406: g++ -E -I/usr/include/glib-2.0 -I/usr/lib/x86_64-linux-gnu/glib-2.0/include -I/usr/include/sysprof-6 -pthread -I/usr/include conftest.cpp
configure:4406: $? = 0
configure:4406: result: yes
configure:4406: checking for gts.h
configure:4406: result: yes
configure:4456: checking for dpkg-architecture
configure:4472: found /usr/bin/dpkg-architecture
configure:4483: result: /usr/bin/dpkg-architecture
configure:4493: checking for dpkg-buildpackage
configure:4509: found /usr/bin/dpkg-buildpackage
configure:4520: result: /usr/bin/dpkg-buildpackage
configure:4530: checking for dh_install
configure:4560: result: no
configure:4567: checking for fakeroot
configure:4583: found /usr/bin/fakeroot
configure:4594: result: /usr/bin/fakeroot
configure:4646: checking for rpmbuild
configure:4676: result: no
configure:4810: creating ./config.status

## ---------------------- ##
## Running config.status. ##
## ---------------------- ##

This file was extended by config.status, which was
generated by GNU Autoconf 2.69.  Invocation command line was

  CONFIG_FILES    = 
  CONFIG_HEADERS  = 
  CONFIG_LINKS    = 
  CONFIG_COMMANDS = 
  $ ./config.status 

on COMSOL-PC

config.status:839: creating config.mk
config.status:839: creating src/config.h

## ---------------- ##
## Cache variables. ##
## ---------------- ##

ac_cv_cxx_compiler_gnu=yes
ac_cv_env_CCC_set=
ac_cv_env_CCC_value=
ac_cv_env_CPPFLAGS_set=
ac_cv_env_CPPFLAGS_value=
ac_cv_env_CXXCPP_set=
ac_cv_env_CXXCPP_value=
ac_cv_env_CXXFLAGS_set=
ac_cv_env_CXXFLAGS_value=
ac_cv_env_CXX_set=
ac_cv_env_CXX_value=
ac_cv_env_LDFLAGS_set=
ac_cv_env_LDFLAGS_value=
ac_cv_env_LIBS_set=
ac_cv_env_LIBS_value=
ac_cv_env_build_alias_set=
ac_cv_env_build_alias_value=
ac_cv_env_host_alias_set=
ac_cv_env_host_alias_value=
ac_cv_env_target_alias_set=
ac_cv_env_target_alias_value=
ac_cv_have_decl_gsl_fft_forward=yes
ac_cv_header_cmath=yes
ac_cv_header_cstdio=yes
ac_cv_header_cstdlib=yes
ac_cv_header_fstream=yes
ac_cv_header_glib_h=yes
ac_cv_header_gts_h=yes
ac_cv_header_inttypes_h=yes
ac_cv_header_iostream=yes
ac_cv_header_memory_h=yes
ac_cv_header_regex_h=yes
ac_cv_header_stdc=yes
ac_cv_header_stdint_h=yes
ac_cv_header_stdlib_h=yes
ac_cv_header_streambuf=yes
ac_cv_header_string_h=yes
ac_cv_header_strings_h=yes
ac_cv_header_sys_stat_h=yes
ac_cv_header_sys_types_h=yes
ac_cv_header_unistd_h=yes
ac_cv_lib_X11_XOpenDisplay=yes
ac_cv_lib_termcap_tgetent=yes
ac_cv_objext=o
ac_cv_path_EGREP='/usr/bin/grep -E'
ac_cv_path_GREP=/usr/bin/grep
ac_cv_prog_AWK=/usr/bin/awk
ac_cv_prog_CONVERT=/usr/bin/convert
ac_cv_prog_CXXCPP='g++ -E'
ac_cv_prog_DPKG=/usr/bin/dpkg-buildpackage
ac_cv_prog_DPKG_ARCH=/usr/bin/dpkg-architecture
ac_cv_prog_FAKEROOT=/usr/bin/fakeroot
ac_cv_prog_GSL_CONFIG=/usr/bin/gsl-config
ac_cv_prog_GTS_CONFIG=/usr/bin/gts-config
ac_cv_prog_LATEX=/usr/bin/latex
ac_cv_prog_PDFTK=/usr/bin/pdftk
ac_cv_prog_PERL=/usr/bin/perl
ac_cv_prog_PNMCROP=/usr/bin/pnmcrop
ac_cv_prog_PS2EPS=/usr/bin/ps2eps
ac_cv_prog_ac_ct_CXX=g++
ac_cv_prog_cxx_g=yes
ax_cv_check_cxxflags___std_cpp20=yes

## ----------------- ##
## Output variables. ##
## ----------------- ##

AWK='/usr/bin/awk'
BLOP_ARCH='linux'
BLOP_CONFIG_OPTIONS=' '\''--disable-cint'\'' '\''--prefix=/usr/local'\'''
BLOP_ENABLE_CINT='no'
BLOP_VERSION='1.1.60'
CINT_CONFIG=''
CINT_VERSION=''
CONVERT='/usr/bin/convert'
CPPFLAGS='-I/usr/include/glib-2.0 -I/usr/lib/x86_64-linux-gnu/glib-2.0/include -I/usr/include/sysprof-6 -pthread -I/usr/include'
CXX='g++'
CXXCPP='g++ -E'
CXXFLAGS=' -std=c++20 `gsl-config --cflags` `gts-config --cflags`'
CXXSTD='-std=c++20'
DEFS='-DHAVE_CONFIG_H'
DH_INSTALL=''
DPKG='/usr/bin/dpkg-buildpackage'
DPKG_ARCH='/usr/bin/dpkg-architecture'
ECHO='/bin/echo'
ECHO_C=''
ECHO_N='-n'
ECHO_T=''
EGREP='/usr/bin/grep -E'
EXEEXT=''
FAKEROOT='/usr/bin/fakeroot'
GREP='/usr/bin/grep'
GSL_CONFIG='/usr/bin/gsl-config'
GTS_CONFIG='/usr/bin/gts-config'
HAVE_GSL='1'
HAVE_GTS_H='1'
LATEX='/usr/bin/latex'
LDFLAGS=''
LIBOBJS=''
LIBS='-lX11  `gsl-config --libs` `gts-config --libs`'
LTLIBOBJS=''
MAKE_DEB=''
MAKE_RPM=''
NCURSES_OR_TERMCAP='termcap'
OBJEXT='o'
PACKAGE_BUGREPORT=''
PACKAGE_NAME=''
PACKAGE_STRING=''
PACKAGE_TARNAME=''
PACKAGE_URL=''
PACKAGE_VERSION=''
PATH_SEPARATOR=':'
PDFTK='/usr/bin/pdftk'
PERL='/usr/bin/perl'
PNMCROP='/usr/bin/pnmcrop'
PS2EPS='/usr/bin/ps2eps'
RPMBUILD=''
SHELL='/bin/bash'
X_CFLAGS=''
X_LIBS=''
ac_ct_CXX='g++'
bindir='${exec_prefix}/bin'
build_alias=''
datadir='${datarootdir}'
datarootdir='${prefix}/share'
docdir='${datarootdir}/doc/${PACKAGE}'
dvidir='${docdir}'
exec_prefix='${prefix}'
host_alias=''
htmldir='${docdir}'
includedir='${prefix}/include'
infodir='${datarootdir}/info'
libdir='${exec_prefix}/lib'
libexecdir='${exec_prefix}/libexec'
localedir='${datarootdir}/locale'
localstatedir='${prefix}/var'
mandir='${datarootdir}/man'
oldincludedir='/usr/include'
pdfdir='${docdir}'
prefix='/usr/local'
program_transform_name='s,x,x,'
psdir='${docdir}'
runstatedir='${localstatedir}/run'
sbindir='${exec_prefix}/sbin'
sharedstatedir='${prefix}/com'
stydir='/usr/share/texlive/texmf-dist/tex/latex'
sysconfdir='${prefix}/etc'
target_alias=''

## ----------- ##
## confdefs.h. ##
## ----------- ##

/* confdefs.h */
#define PACKAGE_NAME ""
#define PACKAGE_TARNAME ""
#define PACKAGE_VERSION ""
#define PACKAGE_STRING ""
#define PACKAGE_BUGREPORT ""
#define PACKAGE_URL ""
#define STDC_HEADERS 1
#define HAVE_SYS_TYPES_H 1
#define HAVE_SYS_STAT_H 1
#define HAVE_STDLIB_H 1
#define HAVE_STRING_H 1
#define HAVE_MEMORY_H 1
#define HAVE_STRINGS_H 1
#define HAVE_INTTYPES_H 1
#define HAVE_STDINT_H 1
#define HAVE_UNISTD_H 1
#define HAVE_IOSTREAM 1
#define HAVE_STREAMBUF 1
#define HAVE_FSTREAM 1
#define HAVE_CMATH 1
#define HAVE_CSTDLIB 1
#define HAVE_CSTDIO 1
#define HAVE_LIBX11 1
#define HAVE_REGEX_H 1
#define HAVE_GSL 1
#define HAVE_GSL_FFT_FORWARD 1
#define HAVE_GTS_H 1

configure: exit 0
